[03 set 2016 12:16:40] Building database metadata model
[03 set 2016 12:16:40] Properties: {partialRefresh=false, processColumnsUsingSelect=, includePrimaryKeys=true, eventSocketClient=com.webratio.commons.net.EventSocketClient@5f85f4b7, includeTables=true, username=manager, outputLogPath=/home/wakirox/Scaricati/wakirox_programs/WebRatio/WebRatio/workspace/Dieta/.Temp~/DB.xml.log, readIndexes=null, driverClass=org.apache.derby.jdbc.ClientDriver, includeSynonyms=true, metaDataProviderClass=com.webratio.commons.db.metadata.DerbyMetaDataProvider, outputPath=/home/wakirox/Scaricati/wakirox_programs/WebRatio/WebRatio/workspace/Dieta/.Temp~/DB.xml, schemaRegex=null, readProcedures=null, includeViews=true, derby.system.home=/home/wakirox/Scaricati/wakirox_programs/WebRatio/WebRatio/workspace/.metadata/.plugins/com.webratio.commons.db/derby, url=jdbc:derby://localhost:50124/DietaDB2;create=true, tableRegex=null, readSQLDefinitions=true, includeForeignKeys=true, retrieveAllNames=false, tablesToRefresh=, eventSocketPort=33936}
[03 set 2016 12:16:40] URL: jdbc:derby://localhost:50124/DietaDB2;create=true
[03 set 2016 12:16:40] Product name: Apache Derby
[03 set 2016 12:16:40] Product version: 10.5.3.0 - (802917)
[03 set 2016 12:16:40] Driver name: Apache Derby Network Client JDBC Driver
[03 set 2016 12:16:40] Driver version: 10.5.3.0 - (802917)
[03 set 2016 12:16:40] Driver major version: 10
[03 set 2016 12:16:40] Driver minor version: 5
[03 set 2016 12:16:40] Identifier quote string: 5
[03 set 2016 12:16:40] Retrieving schemas
[03 set 2016 12:16:40]   Found schema: APP
[03 set 2016 12:16:40]   Found schema: NULLID
[03 set 2016 12:16:40]   Found schema: SQLJ
[03 set 2016 12:16:40]   Found schema: SYS
[03 set 2016 12:16:40]   Found schema: SYSCAT
[03 set 2016 12:16:40]   Found schema: SYSCS_DIAG
[03 set 2016 12:16:40]   Found schema: SYSCS_UTIL
[03 set 2016 12:16:40]   Found schema: SYSFUN
[03 set 2016 12:16:40]   Found schema: SYSIBM
[03 set 2016 12:16:40]   Found schema: SYSPROC
[03 set 2016 12:16:40]   Found schema: SYSSTAT
[03 set 2016 12:16:40] Retrieving [TABLE, VIEW, SYNONYM] for schema 'APP'
[03 set 2016 12:16:40]   Found 'APP.GROUP' [type = TABLE]
[03 set 2016 12:16:40]   Found 'APP.GROUP_MODULE' [type = TABLE]
[03 set 2016 12:16:40]   Found 'APP.MODULE' [type = TABLE]
[03 set 2016 12:16:40]   Found 'APP.USER' [type = TABLE]
[03 set 2016 12:16:40]   Found 'APP.USER_GROUP' [type = TABLE]
[03 set 2016 12:16:40] Retrieving [TABLE, VIEW, SYNONYM] for schema 'NULLID'
[03 set 2016 12:16:40] Retrieving [TABLE, VIEW, SYNONYM] for schema 'SQLJ'
[03 set 2016 12:16:40] Retrieving [TABLE, VIEW, SYNONYM] for schema 'SYSCAT'
[03 set 2016 12:16:40] Retrieving [TABLE, VIEW, SYNONYM] for schema 'SYSCS_DIAG'
[03 set 2016 12:16:40] Retrieving [TABLE, VIEW, SYNONYM] for schema 'SYSCS_UTIL'
[03 set 2016 12:16:40] Retrieving [TABLE, VIEW, SYNONYM] for schema 'SYSFUN'
[03 set 2016 12:16:40] Retrieving [TABLE, VIEW, SYNONYM] for schema 'SYSPROC'
[03 set 2016 12:16:40] Retrieving [TABLE, VIEW, SYNONYM] for schema 'SYSSTAT'
[03 set 2016 12:16:40] Retrieving columns for 'APP.GROUP' [type = TABLE]
[03 set 2016 12:16:40]   Found column: OID [type = INTEGER][SQL/XOPEN type = 4][size = 10][dec. digits = 0]
[03 set 2016 12:16:40]   Found column: GROUPNAME [type = VARCHAR][SQL/XOPEN type = 12][size = 255][dec. digits = 0]
[03 set 2016 12:16:40]   Found column: MODULE_OID [type = INTEGER][SQL/XOPEN type = 4][size = 10][dec. digits = 0]
[03 set 2016 12:16:40] Retrieving primary keys for 'APP.GROUP' [type = TABLE]
[03 set 2016 12:16:40]   Found primary key column: OID
[03 set 2016 12:16:40] Retrieving columns for 'APP.GROUP_MODULE' [type = TABLE]
[03 set 2016 12:16:40]   Found column: GROUP_OID [type = INTEGER][SQL/XOPEN type = 4][size = 10][dec. digits = 0]
[03 set 2016 12:16:40]   Found column: MODULE_OID [type = INTEGER][SQL/XOPEN type = 4][size = 10][dec. digits = 0]
[03 set 2016 12:16:40] Retrieving primary keys for 'APP.GROUP_MODULE' [type = TABLE]
[03 set 2016 12:16:40]   Found primary key column: GROUP_OID
[03 set 2016 12:16:40]   Found primary key column: MODULE_OID
[03 set 2016 12:16:40] Retrieving columns for 'APP.MODULE' [type = TABLE]
[03 set 2016 12:16:40]   Found column: OID [type = INTEGER][SQL/XOPEN type = 4][size = 10][dec. digits = 0]
[03 set 2016 12:16:40]   Found column: MODULEID [type = VARCHAR][SQL/XOPEN type = 12][size = 255][dec. digits = 0]
[03 set 2016 12:16:40]   Found column: MODULENAME [type = VARCHAR][SQL/XOPEN type = 12][size = 255][dec. digits = 0]
[03 set 2016 12:16:40] Retrieving primary keys for 'APP.MODULE' [type = TABLE]
[03 set 2016 12:16:40]   Found primary key column: OID
[03 set 2016 12:16:40] Retrieving columns for 'APP.USER' [type = TABLE]
[03 set 2016 12:16:40]   Found column: OID [type = INTEGER][SQL/XOPEN type = 4][size = 10][dec. digits = 0]
[03 set 2016 12:16:40]   Found column: USERNAME [type = VARCHAR][SQL/XOPEN type = 12][size = 255][dec. digits = 0]
[03 set 2016 12:16:40]   Found column: PASSWORD [type = VARCHAR][SQL/XOPEN type = 12][size = 255][dec. digits = 0]
[03 set 2016 12:16:40]   Found column: EMAIL [type = VARCHAR][SQL/XOPEN type = 12][size = 255][dec. digits = 0]
[03 set 2016 12:16:40]   Found column: FIRST_NAME [type = VARCHAR][SQL/XOPEN type = 12][size = 255][dec. digits = 0]
[03 set 2016 12:16:40]   Found column: LAST_NAME [type = VARCHAR][SQL/XOPEN type = 12][size = 255][dec. digits = 0]
[03 set 2016 12:16:40]   Found column: ROLE [type = VARCHAR][SQL/XOPEN type = 12][size = 255][dec. digits = 0]
[03 set 2016 12:16:40]   Found column: GENDER [type = VARCHAR][SQL/XOPEN type = 12][size = 255][dec. digits = 0]
[03 set 2016 12:16:40]   Found column: BIRTH_DATE [type = DATE][SQL/XOPEN type = 91][size = 10][dec. digits = 0]
[03 set 2016 12:16:40]   Found column: GROUP_OID [type = INTEGER][SQL/XOPEN type = 4][size = 10][dec. digits = 0]
[03 set 2016 12:16:40] Retrieving primary keys for 'APP.USER' [type = TABLE]
[03 set 2016 12:16:40]   Found primary key column: OID
[03 set 2016 12:16:40] Retrieving columns for 'APP.USER_GROUP' [type = TABLE]
[03 set 2016 12:16:40]   Found column: USER_OID [type = INTEGER][SQL/XOPEN type = 4][size = 10][dec. digits = 0]
[03 set 2016 12:16:40]   Found column: GROUP_OID [type = INTEGER][SQL/XOPEN type = 4][size = 10][dec. digits = 0]
[03 set 2016 12:16:40] Retrieving primary keys for 'APP.USER_GROUP' [type = TABLE]
[03 set 2016 12:16:40]   Found primary key column: USER_OID
[03 set 2016 12:16:40]   Found primary key column: GROUP_OID
[03 set 2016 12:16:40] Retrieving foreign keys for 'APP.GROUP' [type = TABLE]
[03 set 2016 12:16:40]   Found foreign key: column MODULE_OID references MODULE(OID)
[03 set 2016 12:16:40] Retrieving foreign keys for 'APP.GROUP_MODULE' [type = TABLE]
[03 set 2016 12:16:40]   Found foreign key: column GROUP_OID references GROUP(OID)
[03 set 2016 12:16:40]   Found foreign key: column MODULE_OID references MODULE(OID)
[03 set 2016 12:16:40] Retrieving foreign keys for 'APP.MODULE' [type = TABLE]
[03 set 2016 12:16:40] Retrieving foreign keys for 'APP.USER' [type = TABLE]
[03 set 2016 12:16:40]   Found foreign key: column GROUP_OID references GROUP(OID)
[03 set 2016 12:16:40] Retrieving foreign keys for 'APP.USER_GROUP' [type = TABLE]
[03 set 2016 12:16:40]   Found foreign key: column GROUP_OID references GROUP(OID)
[03 set 2016 12:16:40]   Found foreign key: column USER_OID references USER(OID)
[03 set 2016 12:16:40] Database metadata retrieved (149 ms)
[03 set 2016 12:16:40] Database connection closed
